import logging
import os

def setup_logging():
    log_directory = "logs"
    if not os.path.exists(log_directory):
        os.makedirs(log_directory)
    
    logging.basicConfig(filename=os.path.join(log_directory, 'app.log'), 
                        level=logging.INFO,
                        format='%(asctime)s:%(levelname)s:%(message)s')

def log_error(e):
    logging.error(f"Error: {e}")2024-08-04 09:05:00,795:ERROR:Error: 'target'
2024-08-04 09:30:52,376:ERROR:Error: 'target'
2024-08-04 20:53:59,130:ERROR:Error: 'target'
root - ERROR - An error occurred: 'Loan_Approved'
root - ERROR - An error occurred: [Errno 2] No such file or directory: 'H:\\My Drive\\BISI II\\Data Science\\Term Assignments\\Loan Eligibility Model Solution\\data\\credit.csv'
root - ERROR - An error occurred: 'Loan_Approved'
root - ERROR - An error occurred: 'Loan_Approved'
root - ERROR - An error occurred: 'Loan_Approved'
root - ERROR - An error occurred: 'Loan_Approved'
root - ERROR - An error occurred: 'Loan_Approved'
root - ERROR - An error occurred: 'Loan_Approved'
root - ERROR - An error occurred: 'Loan_Approved'
root - ERROR - An error occurred: 'Loan_Approved'
root - ERROR - An error occurred: 'Loan_Approved'
root - ERROR - An error occurred: 'Loan_Approved'
root - ERROR - An error occurred: 'Loan_Approved'
root - ERROR - An error occurred: 'Loan_Approved'
root - ERROR - An error occurred: 'Loan_Approved'
root - ERROR - An error occurred: 'Loan_Approved'
root - ERROR - An error occurred: 'Loan_Approved'
root - ERROR - An error occurred: 'Loan_Approved'
root - ERROR - An error occurred: 'Loan_Approved'
root - ERROR - An error occurred: 'Loan_Approved'
root - ERROR - An error occurred: The 'max_features' parameter of RandomForestClassifier must be an int in the range [1, inf), a float in the range (0.0, 1.0], a str among {'sqrt', 'log2'} or None. Got 'auto' instead.
root - ERROR - An error occurred: [Errno 2] No such file or directory: 'H:\\My Drive\\BISI II\\Data Science\\Term Assignments\\Loan Eligibility Model Solution\\data\\credit.csv'
root - ERROR - An error occurred: could not convert string to float: 'LP001002'
root - ERROR - An error occurred: could not convert string to float: 'LP001002'
root - ERROR - An error occurred: could not convert string to float: 'LP001002'
root - ERROR - An error occurred: could not convert string to float: 'LP001002'
root - ERROR - An error occurred: [Errno 2] No such file or directory: 'H:\\My Drive\\BISI II\\Data Science\\Term Assignments\\Loan Eligibility Model Solution\\data\\credit.csv'
root - ERROR - An error occurred: could not convert string to float: 'LP001002'
root - ERROR - An error occurred: could not convert string to float: 'LP001002'
root - ERROR - An error occurred: could not convert string to float: 'LP001002'
root - ERROR - An error occurred: could not convert string to float: 'LP001002'
root - ERROR - An error occurred: could not convert string to float: 'LP001002'
root - ERROR - An error occurred: could not convert string to float: 'LP001002'
root - ERROR - An error occurred: could not convert string to float: 'LP001002'
root - ERROR - An error occurred: could not convert string to float: 'LP001002'
root - ERROR - An error occurred: could not convert string to float: 'LP001002'
root - ERROR - An error occurred: could not convert string to float: 'LP001002'
root - ERROR - An error occurred: could not convert string to float: 'LP001002'
root - ERROR - An error occurred: could not convert string to float: 'LP001002'
root - ERROR - An error occurred: could not convert string to float: 'LP001002'
root - ERROR - An error occurred: could not convert string to float: 'LP001002'
root - ERROR - An error occurred: could not convert string to float: 'LP001002'
root - ERROR - An error occurred: could not convert string to float: 'LP001002'
root - ERROR - An error occurred: could not convert string to float: 'LP001002'
root - ERROR - An error occurred: could not convert string to float: 'LP001002'
root - ERROR - An error occurred: could not convert string to float: 'LP001002'
root - ERROR - An error occurred: could not convert string to float: 'Male'
root - ERROR - An error occurred: could not convert string to float: 'No'
root - ERROR - An error occurred: could not convert string to float: 'Male'
root - ERROR - An error occurred: could not convert string to float: 'Y'
root - ERROR - An error occurred: 'Loan_Status'
root - ERROR - An error occurred: could not convert string to float: 'Y'
root - ERROR - An error occurred: could not convert string to float: 'Y'
